PS C:\Users\moroz\Desktop\VividBest> npm run android

> vivid@1.0.0 android
> expo run:android

â€º Building app...
Configuration on demand is an incubating feature.

> Configure project :
[ExpoRootProject] Using the following versions:
  - buildTools:  35.0.0
  - minSdk:      24
  - compileSdk:  35
  - targetSdk:   35
  - ndk:         27.1.12297006
  - kotlin:      2.0.21
  - ksp:         2.0.21-1.0.28

[Incubating] Problems report is available at: file:///C:/Users/moroz/Desktop/VividBest/android/build/reports/problems/problems-report.html

FAILURE: Build failed with an exception.

* Where:
Build file 'C:\Users\moroz\Desktop\VividBest\android\build.gradle' line: 37

* What went wrong:
A problem occurred evaluating root project 'Vivid'.
> Failed to apply plugin 'com.facebook.react.rootproject'.
   > A problem occurred configuring project ':app'.
      > SDK location not found. Define a valid SDK location with an ANDROID_HOME environment variable or by setting the sdk.dir path in your project's local properties file at 'C:\Users\moroz\Desktop\VividBest\android\local.properties'.

* Try:
> Run with --stacktrace option to get the stack trace.
> Run with --info or --debug option to get more log output.
> Run with --scan to get full insights.
> Get more help at https://help.gradle.org.

Deprecated Gradle features were used in this build, making it incompatible with Gradle 9.0.

You can use '--warning-mode all' to show the individual deprecation warnings and determine if they come from your own scripts or plugins.

For more on this, please refer to https://docs.gradle.org/8.13/userguide/command_line_interface.html#sec:command_line_warnings in the Gradle documentation.

BUILD FAILED in 7s
28 actionable tasks: 4 executed, 24 up-to-date
Error: C:\Users\moroz\Desktop\VividBest\android\gradlew.bat app:assembleDebug -x lint -x test --configure-on-demand --build-cache -PreactNativeDevServerPort=8081 -PreactNativeArchitectures=arm64-v8a,armeabi-v7a exited with non-zero code: 1
Error: C:\Users\moroz\Desktop\VividBest\android\gradlew.bat app:assembleDebug -x lint -x test --configure-on-demand --build-cache -PreactNativeDevServerPort=8081 -PreactNativeArchitectures=arm64-v8a,armeabi-v7a exited with non-zero code: 1
    at ChildProcess.completionListener (C:\Users\moroz\Desktop\VividBest\node_modules\@expo\spawn-async\src\spawnAsync.ts:67:13)
    at Object.onceWrapper (node:events:633:26)
    at ChildProcess.emit (node:events:518:28)
    at ChildProcess.cp.emit (C:\Users\moroz\Desktop\VividBest\node_modules\cross-spawn\lib\enoent.js:34:29) 
    at maybeClose (node:internal/child_process:1101:16)
    at Process.ChildProcess._handle.onexit (node:internal/child_process:304:5)
    ...
    at spawnAsync (C:\Users\moroz\Desktop\VividBest\node_modules\@expo\spawn-async\src\spawnAsync.ts:28:21) 
    at spawnGradleAsync (C:\Users\moroz\Desktop\VividBest\node_modules\@expo\cli\src\start\platforms\android\gradle.ts:134:28)
    at assembleAsync (C:\Users\moroz\Desktop\VividBest\node_modules\@expo\cli\src\start\platforms\android\gradle.ts:83:16)
    at runAndroidAsync (C:\Users\moroz\Desktop\VividBest\node_modules\@expo\cli\src\run\android\runAndroidAsync.ts:62:24)